<?xml version="1.0" encoding="UTF-8"?>
<coverage generated="1671593982946" clover="3.2.0">
  <project timestamp="1671593982946" name="All files">
    <metrics statements="81" coveredstatements="81" conditionals="32" coveredconditionals="31" methods="34" coveredmethods="32" elements="147" coveredelements="144" complexity="0" loc="81" ncloc="81" packages="8" files="13" classes="13"/>
    <package name="DigitalHouse">
      <metrics statements="3" coveredstatements="3" conditionals="0" coveredconditionals="0" methods="1" coveredmethods="1"/>
      <file name="App.tsx" path="/Users/rick/WebstormProjects/DigitalHouse/App.tsx">
        <metrics statements="3" coveredstatements="3" conditionals="0" coveredconditionals="0" methods="1" coveredmethods="1"/>
        <line num="5" count="1" type="stmt"/>
        <line num="7" count="1" type="stmt"/>
        <line num="8" count="1" type="stmt"/>
      </file>
    </package>
    <package name="DigitalHouse.src">
      <metrics statements="4" coveredstatements="4" conditionals="0" coveredconditionals="0" methods="2" coveredmethods="2"/>
      <file name="Routes.tsx" path="/Users/rick/WebstormProjects/DigitalHouse/src/Routes.tsx">
        <metrics statements="4" coveredstatements="4" conditionals="0" coveredconditionals="0" methods="2" coveredmethods="2"/>
        <line num="8" count="1" type="stmt"/>
        <line num="15" count="1" type="stmt"/>
        <line num="16" count="1" type="stmt"/>
        <line num="19" count="1" type="stmt"/>
      </file>
    </package>
    <package name="DigitalHouse.src.api">
      <metrics statements="4" coveredstatements="4" conditionals="0" coveredconditionals="0" methods="1" coveredmethods="1"/>
      <file name="index.ts" path="/Users/rick/WebstormProjects/DigitalHouse/src/api/index.ts">
        <metrics statements="4" coveredstatements="4" conditionals="0" coveredconditionals="0" methods="1" coveredmethods="1"/>
        <line num="3" count="4" type="stmt"/>
        <line num="5" count="4" type="stmt"/>
        <line num="7" count="3" type="stmt"/>
        <line num="11" count="1" type="stmt"/>
      </file>
    </package>
    <package name="DigitalHouse.src.components">
      <metrics statements="42" coveredstatements="42" conditionals="21" coveredconditionals="20" methods="19" coveredmethods="17"/>
      <file name="Button.tsx" path="/Users/rick/WebstormProjects/DigitalHouse/src/components/Button.tsx">
        <metrics statements="3" coveredstatements="3" conditionals="1" coveredconditionals="1" methods="2" coveredmethods="1"/>
        <line num="17" count="5" type="stmt"/>
        <line num="23" count="33" type="stmt"/>
        <line num="24" count="33" type="stmt"/>
      </file>
      <file name="Filter.tsx" path="/Users/rick/WebstormProjects/DigitalHouse/src/components/Filter.tsx">
        <metrics statements="11" coveredstatements="11" conditionals="3" coveredconditionals="3" methods="7" coveredmethods="7"/>
        <line num="15" count="3" type="cond" truecount="1" falsecount="0"/>
        <line num="16" count="18" type="stmt"/>
        <line num="17" count="18" type="stmt"/>
        <line num="19" count="18" type="stmt"/>
        <line num="20" count="13" type="stmt"/>
        <line num="23" count="18" type="stmt"/>
        <line num="30" count="2" type="stmt"/>
        <line num="36" count="3" type="stmt"/>
        <line num="44" count="1" type="stmt"/>
        <line num="52" count="3" type="stmt"/>
        <line num="53" count="18" type="stmt"/>
      </file>
      <file name="ProductList.tsx" path="/Users/rick/WebstormProjects/DigitalHouse/src/components/ProductList.tsx">
        <metrics statements="12" coveredstatements="12" conditionals="11" coveredconditionals="10" methods="5" coveredmethods="4"/>
        <line num="29" count="3" type="stmt"/>
        <line num="34" count="10" type="stmt"/>
        <line num="35" count="10" type="stmt"/>
        <line num="36" count="10" type="stmt"/>
        <line num="38" count="10" type="stmt"/>
        <line num="39" count="10" type="cond" truecount="2" falsecount="0"/>
        <line num="40" count="10" type="cond" truecount="2" falsecount="0"/>
        <line num="41" count="10" type="stmt"/>
        <line num="44" count="1" type="stmt"/>
        <line num="73" count="10" type="stmt"/>
        <line num="90" count="3" type="stmt"/>
        <line num="91" count="10" type="stmt"/>
      </file>
      <file name="TotalPoints.tsx" path="/Users/rick/WebstormProjects/DigitalHouse/src/components/TotalPoints.tsx">
        <metrics statements="11" coveredstatements="11" conditionals="6" coveredconditionals="6" methods="3" coveredmethods="3"/>
        <line num="16" count="3" type="stmt"/>
        <line num="20" count="11" type="stmt"/>
        <line num="21" count="11" type="stmt"/>
        <line num="23" count="11" type="stmt"/>
        <line num="24" count="20" type="cond" truecount="2" falsecount="0"/>
        <line num="25" count="10" type="stmt"/>
        <line num="27" count="10" type="stmt"/>
        <line num="29" count="20" type="stmt"/>
        <line num="32" count="11" type="stmt"/>
        <line num="51" count="3" type="stmt"/>
        <line num="52" count="11" type="stmt"/>
      </file>
      <file name="Welcome.tsx" path="/Users/rick/WebstormProjects/DigitalHouse/src/components/Welcome.tsx">
        <metrics statements="5" coveredstatements="5" conditionals="0" coveredconditionals="0" methods="2" coveredmethods="2"/>
        <line num="13" count="2" type="stmt"/>
        <line num="14" count="9" type="stmt"/>
        <line num="15" count="9" type="stmt"/>
        <line num="23" count="2" type="stmt"/>
        <line num="24" count="9" type="stmt"/>
      </file>
    </package>
    <package name="DigitalHouse.src.queries">
      <metrics statements="2" coveredstatements="2" conditionals="0" coveredconditionals="0" methods="1" coveredmethods="1"/>
      <file name="index.ts" path="/Users/rick/WebstormProjects/DigitalHouse/src/queries/index.ts">
        <metrics statements="2" coveredstatements="2" conditionals="0" coveredconditionals="0" methods="1" coveredmethods="1"/>
        <line num="4" count="3" type="stmt"/>
        <line num="5" count="11" type="stmt"/>
      </file>
    </package>
    <package name="DigitalHouse.src.screens">
      <metrics statements="24" coveredstatements="24" conditionals="11" coveredconditionals="11" methods="9" coveredmethods="9"/>
      <file name="Home.tsx" path="/Users/rick/WebstormProjects/DigitalHouse/src/screens/Home.tsx">
        <metrics statements="14" coveredstatements="14" conditionals="9" coveredconditionals="9" methods="5" coveredmethods="5"/>
        <line num="15" count="2" type="stmt"/>
        <line num="16" count="9" type="stmt"/>
        <line num="18" count="9" type="stmt"/>
        <line num="19" count="9" type="stmt"/>
        <line num="21" count="9" type="stmt"/>
        <line num="22" count="8" type="cond" truecount="4" falsecount="0"/>
        <line num="23" count="5" type="cond" truecount="3" falsecount="0"/>
        <line num="25" count="2" type="stmt"/>
        <line num="27" count="2" type="stmt"/>
        <line num="29" count="3" type="stmt"/>
        <line num="32" count="3" type="stmt"/>
        <line num="35" count="9" type="stmt"/>
        <line num="53" count="2" type="stmt"/>
        <line num="54" count="9" type="stmt"/>
      </file>
      <file name="ProductDetails.tsx" path="/Users/rick/WebstormProjects/DigitalHouse/src/screens/ProductDetails.tsx">
        <metrics statements="10" coveredstatements="10" conditionals="2" coveredconditionals="2" methods="4" coveredmethods="4"/>
        <line num="23" count="2" type="stmt"/>
        <line num="24" count="2" type="stmt"/>
        <line num="25" count="2" type="stmt"/>
        <line num="26" count="2" type="stmt"/>
        <line num="27" count="2" type="stmt"/>
        <line num="31" count="4" type="stmt"/>
        <line num="32" count="2" type="stmt"/>
        <line num="57" count="1" type="stmt"/>
        <line num="66" count="2" type="stmt"/>
        <line num="67" count="2" type="stmt"/>
      </file>
    </package>
    <package name="DigitalHouse.src.styles">
      <metrics statements="2" coveredstatements="2" conditionals="0" coveredconditionals="0" methods="1" coveredmethods="1"/>
      <file name="global.ts" path="/Users/rick/WebstormProjects/DigitalHouse/src/styles/global.ts">
        <metrics statements="2" coveredstatements="2" conditionals="0" coveredconditionals="0" methods="1" coveredmethods="1"/>
        <line num="3" count="7" type="stmt"/>
        <line num="4" count="54" type="stmt"/>
      </file>
    </package>
    <package name="DigitalHouse.src.types">
      <metrics statements="0" coveredstatements="0" conditionals="0" coveredconditionals="0" methods="0" coveredmethods="0"/>
      <file name="products.ts" path="/Users/rick/WebstormProjects/DigitalHouse/src/types/products.ts">
        <metrics statements="0" coveredstatements="0" conditionals="0" coveredconditionals="0" methods="0" coveredmethods="0"/>
      </file>
    </package>
  </project>
</coverage>
