{"/Users/rick/WebstormProjects/DigitalHouse/App.tsx": {"path":"/Users/rick/WebstormProjects/DigitalHouse/App.tsx","statementMap":{"0":{"start":{"line":5,"column":20},"end":{"line":5,"column":37}},"1":{"start":{"line":7,"column":12},"end":{"line":11,"column":1}},"2":{"start":{"line":8,"column":2},"end":{"line":10,"column":24}}},"fnMap":{"0":{"name":"(anonymous_0)","decl":{"start":{"line":7,"column":12},"end":{"line":7,"column":13}},"loc":{"start":{"line":8,"column":2},"end":{"line":10,"column":24}},"line":8}},"branchMap":{},"s":{"0":1,"1":1,"2":1},"f":{"0":1},"b":{},"_coverageSchema":"1a1c01bbd47fc00a2c39e90264f33305004495a9","hash":"b192c64c39fc640fc793c6d0e9153f97215f1f7f"}
,"/Users/rick/WebstormProjects/DigitalHouse/src/Routes.tsx": {"path":"/Users/rick/WebstormProjects/DigitalHouse/src/Routes.tsx","statementMap":{"0":{"start":{"line":8,"column":14},"end":{"line":8,"column":62}},"1":{"start":{"line":15,"column":19},"end":{"line":27,"column":1}},"2":{"start":{"line":16,"column":2},"end":{"line":26,"column":4}},"3":{"start":{"line":19,"column":30},"end":{"line":21,"column":9}}},"fnMap":{"0":{"name":"(anonymous_0)","decl":{"start":{"line":15,"column":19},"end":{"line":15,"column":20}},"loc":{"start":{"line":15,"column":38},"end":{"line":27,"column":1}},"line":15},"1":{"name":"(anonymous_1)","decl":{"start":{"line":19,"column":23},"end":{"line":19,"column":24}},"loc":{"start":{"line":19,"column":30},"end":{"line":21,"column":9}},"line":19}},"branchMap":{},"s":{"0":1,"1":1,"2":1,"3":1},"f":{"0":1,"1":1},"b":{},"_coverageSchema":"1a1c01bbd47fc00a2c39e90264f33305004495a9","hash":"c009f5f02fc028fa0c6804a949d40c043c3af55f"}
,"/Users/rick/WebstormProjects/DigitalHouse/src/api/index.ts": {"path":"/Users/rick/WebstormProjects/DigitalHouse/src/api/index.ts","statementMap":{"0":{"start":{"line":3,"column":16},"end":{"line":3,"column":68}},"1":{"start":{"line":5,"column":12},"end":{"line":13,"column":1}},"2":{"start":{"line":7,"column":19},"end":{"line":10,"column":6}},"3":{"start":{"line":11,"column":4},"end":{"line":11,"column":16}}},"fnMap":{"0":{"name":"(anonymous_0)","decl":{"start":{"line":6,"column":15},"end":{"line":6,"column":16}},"loc":{"start":{"line":6,"column":59},"end":{"line":12,"column":3}},"line":6}},"branchMap":{},"s":{"0":4,"1":4,"2":3,"3":1},"f":{"0":3},"b":{},"_coverageSchema":"1a1c01bbd47fc00a2c39e90264f33305004495a9","hash":"14eb33ef51cbd31b7c224faf444dbbaa7a1c97d6"}
,"/Users/rick/WebstormProjects/DigitalHouse/src/components/Button.tsx": {"path":"/Users/rick/WebstormProjects/DigitalHouse/src/components/Button.tsx","statementMap":{"0":{"start":{"line":17,"column":26},"end":{"line":32,"column":1}},"1":{"start":{"line":23,"column":23},"end":{"line":23,"column":40}},"2":{"start":{"line":24,"column":2},"end":{"line":31,"column":4}}},"fnMap":{"0":{"name":"(anonymous_0)","decl":{"start":{"line":17,"column":26},"end":{"line":17,"column":27}},"loc":{"start":{"line":22,"column":19},"end":{"line":32,"column":1}},"line":22},"1":{"name":"(anonymous_1)","decl":{"start":{"line":20,"column":12},"end":{"line":20,"column":13}},"loc":{"start":{"line":20,"column":18},"end":{"line":20,"column":20}},"line":20}},"branchMap":{"0":{"loc":{"start":{"line":20,"column":2},"end":{"line":20,"column":20}},"type":"default-arg","locations":[{"start":{"line":20,"column":12},"end":{"line":20,"column":20}}],"line":20}},"s":{"0":5,"1":33,"2":33},"f":{"0":33,"1":0},"b":{"0":[1]},"_coverageSchema":"1a1c01bbd47fc00a2c39e90264f33305004495a9","hash":"7f52ec5152f8720a4496babbf74fafc5d7ce6632"}
,"/Users/rick/WebstormProjects/DigitalHouse/src/components/Filter.tsx": {"path":"/Users/rick/WebstormProjects/DigitalHouse/src/components/Filter.tsx","statementMap":{"0":{"start":{"line":15,"column":26},"end":{"line":50,"column":1}},"1":{"start":{"line":16,"column":30},"end":{"line":16,"column":74}},"2":{"start":{"line":17,"column":17},"end":{"line":17,"column":28}},"3":{"start":{"line":19,"column":2},"end":{"line":21,"column":31}},"4":{"start":{"line":20,"column":4},"end":{"line":20,"column":27}},"5":{"start":{"line":23,"column":2},"end":{"line":49,"column":4}},"6":{"start":{"line":30,"column":27},"end":{"line":30,"column":59}},"7":{"start":{"line":36,"column":27},"end":{"line":36,"column":61}},"8":{"start":{"line":44,"column":25},"end":{"line":44,"column":55}},"9":{"start":{"line":52,"column":18},"end":{"line":65,"column":4}},"10":{"start":{"line":53,"column":2},"end":{"line":65,"column":4}}},"fnMap":{"0":{"name":"(anonymous_0)","decl":{"start":{"line":15,"column":26},"end":{"line":15,"column":27}},"loc":{"start":{"line":15,"column":72},"end":{"line":50,"column":1}},"line":15},"1":{"name":"(anonymous_1)","decl":{"start":{"line":15,"column":45},"end":{"line":15,"column":46}},"loc":{"start":{"line":15,"column":51},"end":{"line":15,"column":53}},"line":15},"2":{"name":"(anonymous_2)","decl":{"start":{"line":19,"column":12},"end":{"line":19,"column":13}},"loc":{"start":{"line":19,"column":18},"end":{"line":21,"column":3}},"line":19},"3":{"name":"(anonymous_3)","decl":{"start":{"line":30,"column":21},"end":{"line":30,"column":22}},"loc":{"start":{"line":30,"column":27},"end":{"line":30,"column":59}},"line":30},"4":{"name":"(anonymous_4)","decl":{"start":{"line":36,"column":21},"end":{"line":36,"column":22}},"loc":{"start":{"line":36,"column":27},"end":{"line":36,"column":61}},"line":36},"5":{"name":"(anonymous_5)","decl":{"start":{"line":44,"column":19},"end":{"line":44,"column":20}},"loc":{"start":{"line":44,"column":25},"end":{"line":44,"column":55}},"line":44},"6":{"name":"(anonymous_6)","decl":{"start":{"line":52,"column":18},"end":{"line":52,"column":19}},"loc":{"start":{"line":53,"column":2},"end":{"line":65,"column":4}},"line":53}},"branchMap":{"0":{"loc":{"start":{"line":15,"column":28},"end":{"line":15,"column":53}},"type":"default-arg","locations":[{"start":{"line":15,"column":45},"end":{"line":15,"column":53}}],"line":15},"1":{"loc":{"start":{"line":25,"column":7},"end":{"line":47,"column":7}},"type":"cond-expr","locations":[{"start":{"line":26,"column":8},"end":{"line":39,"column":11}},{"start":{"line":41,"column":8},"end":{"line":46,"column":10}}],"line":25}},"s":{"0":3,"1":18,"2":18,"3":18,"4":13,"5":18,"6":2,"7":3,"8":1,"9":3,"10":18},"f":{"0":18,"1":1,"2":13,"3":2,"4":3,"5":1,"6":18},"b":{"0":[1],"1":[11,7]},"_coverageSchema":"1a1c01bbd47fc00a2c39e90264f33305004495a9","hash":"d31248ac86cabc3a891fe62c0e55d948976778f3"}
,"/Users/rick/WebstormProjects/DigitalHouse/src/components/ProductList.tsx": {"path":"/Users/rick/WebstormProjects/DigitalHouse/src/components/ProductList.tsx","statementMap":{"0":{"start":{"line":29,"column":31},"end":{"line":88,"column":1}},"1":{"start":{"line":34,"column":14},"end":{"line":34,"column":54}},"2":{"start":{"line":35,"column":23},"end":{"line":35,"column":40}},"3":{"start":{"line":36,"column":17},"end":{"line":36,"column":28}},"4":{"start":{"line":38,"column":58},"end":{"line":71,"column":3}},"5":{"start":{"line":39,"column":21},"end":{"line":39,"column":65}},"6":{"start":{"line":40,"column":21},"end":{"line":40,"column":52}},"7":{"start":{"line":41,"column":4},"end":{"line":70,"column":6}},"8":{"start":{"line":44,"column":23},"end":{"line":44,"column":75}},"9":{"start":{"line":73,"column":2},"end":{"line":87,"column":4}},"10":{"start":{"line":90,"column":18},"end":{"line":138,"column":4}},"11":{"start":{"line":91,"column":2},"end":{"line":138,"column":4}}},"fnMap":{"0":{"name":"(anonymous_0)","decl":{"start":{"line":29,"column":31},"end":{"line":29,"column":32}},"loc":{"start":{"line":33,"column":19},"end":{"line":88,"column":1}},"line":33},"1":{"name":"(anonymous_1)","decl":{"start":{"line":31,"column":12},"end":{"line":31,"column":13}},"loc":{"start":{"line":31,"column":18},"end":{"line":31,"column":20}},"line":31},"2":{"name":"(anonymous_2)","decl":{"start":{"line":38,"column":58},"end":{"line":38,"column":59}},"loc":{"start":{"line":38,"column":77},"end":{"line":71,"column":3}},"line":38},"3":{"name":"(anonymous_3)","decl":{"start":{"line":44,"column":17},"end":{"line":44,"column":18}},"loc":{"start":{"line":44,"column":23},"end":{"line":44,"column":75}},"line":44},"4":{"name":"(anonymous_4)","decl":{"start":{"line":90,"column":18},"end":{"line":90,"column":19}},"loc":{"start":{"line":91,"column":2},"end":{"line":138,"column":4}},"line":91}},"branchMap":{"0":{"loc":{"start":{"line":30,"column":2},"end":{"line":30,"column":11}},"type":"default-arg","locations":[{"start":{"line":30,"column":9},"end":{"line":30,"column":11}}],"line":30},"1":{"loc":{"start":{"line":31,"column":2},"end":{"line":31,"column":20}},"type":"default-arg","locations":[{"start":{"line":31,"column":12},"end":{"line":31,"column":20}}],"line":31},"2":{"loc":{"start":{"line":32,"column":2},"end":{"line":32,"column":22}},"type":"default-arg","locations":[{"start":{"line":32,"column":17},"end":{"line":32,"column":22}}],"line":32},"3":{"loc":{"start":{"line":39,"column":21},"end":{"line":39,"column":65}},"type":"binary-expr","locations":[{"start":{"line":39,"column":21},"end":{"line":39,"column":46}},{"start":{"line":39,"column":50},"end":{"line":39,"column":65}}],"line":39},"4":{"loc":{"start":{"line":40,"column":21},"end":{"line":40,"column":52}},"type":"binary-expr","locations":[{"start":{"line":40,"column":21},"end":{"line":40,"column":32}},{"start":{"line":40,"column":36},"end":{"line":40,"column":52}}],"line":40},"5":{"loc":{"start":{"line":64,"column":16},"end":{"line":64,"column":70}},"type":"cond-expr","locations":[{"start":{"line":64,"column":37},"end":{"line":64,"column":52}},{"start":{"line":64,"column":55},"end":{"line":64,"column":70}}],"line":64},"6":{"loc":{"start":{"line":65,"column":20},"end":{"line":65,"column":52}},"type":"cond-expr","locations":[{"start":{"line":65,"column":41},"end":{"line":65,"column":45}},{"start":{"line":65,"column":48},"end":{"line":65,"column":52}}],"line":65}},"s":{"0":3,"1":10,"2":10,"3":10,"4":10,"5":10,"6":10,"7":10,"8":1,"9":10,"10":3,"11":10},"f":{"0":10,"1":0,"2":10,"3":1,"4":10},"b":{"0":[0],"1":[8],"2":[10],"3":[10,7],"4":[10,7],"5":[5,5],"6":[5,5]},"_coverageSchema":"1a1c01bbd47fc00a2c39e90264f33305004495a9","hash":"6e2b86d058f25224dfbc4c2efd621df65b62122d"}
,"/Users/rick/WebstormProjects/DigitalHouse/src/components/TotalPoints.tsx": {"path":"/Users/rick/WebstormProjects/DigitalHouse/src/components/TotalPoints.tsx","statementMap":{"0":{"start":{"line":16,"column":31},"end":{"line":49,"column":1}},"1":{"start":{"line":20,"column":17},"end":{"line":20,"column":28}},"2":{"start":{"line":21,"column":23},"end":{"line":21,"column":40}},"3":{"start":{"line":23,"column":16},"end":{"line":30,"column":7}},"4":{"start":{"line":24,"column":4},"end":{"line":28,"column":5}},"5":{"start":{"line":25,"column":6},"end":{"line":25,"column":24}},"6":{"start":{"line":27,"column":6},"end":{"line":27,"column":24}},"7":{"start":{"line":29,"column":4},"end":{"line":29,"column":15}},"8":{"start":{"line":32,"column":2},"end":{"line":48,"column":4}},"9":{"start":{"line":51,"column":18},"end":{"line":87,"column":4}},"10":{"start":{"line":52,"column":2},"end":{"line":87,"column":4}}},"fnMap":{"0":{"name":"(anonymous_0)","decl":{"start":{"line":16,"column":31},"end":{"line":16,"column":32}},"loc":{"start":{"line":19,"column":19},"end":{"line":49,"column":1}},"line":19},"1":{"name":"(anonymous_1)","decl":{"start":{"line":23,"column":28},"end":{"line":23,"column":29}},"loc":{"start":{"line":23,"column":42},"end":{"line":30,"column":3}},"line":23},"2":{"name":"(anonymous_2)","decl":{"start":{"line":51,"column":18},"end":{"line":51,"column":19}},"loc":{"start":{"line":52,"column":2},"end":{"line":87,"column":4}},"line":52}},"branchMap":{"0":{"loc":{"start":{"line":17,"column":2},"end":{"line":17,"column":11}},"type":"default-arg","locations":[{"start":{"line":17,"column":9},"end":{"line":17,"column":11}}],"line":17},"1":{"loc":{"start":{"line":18,"column":2},"end":{"line":18,"column":19}},"type":"default-arg","locations":[{"start":{"line":18,"column":14},"end":{"line":18,"column":19}}],"line":18},"2":{"loc":{"start":{"line":24,"column":4},"end":{"line":28,"column":5}},"type":"if","locations":[{"start":{"line":24,"column":4},"end":{"line":28,"column":5}},{"start":{"line":26,"column":11},"end":{"line":28,"column":5}}],"line":24},"3":{"loc":{"start":{"line":36,"column":9},"end":{"line":45,"column":9}},"type":"cond-expr","locations":[{"start":{"line":37,"column":10},"end":{"line":37,"column":62}},{"start":{"line":39,"column":10},"end":{"line":44,"column":13}}],"line":36}},"s":{"0":3,"1":11,"2":11,"3":11,"4":20,"5":10,"6":10,"7":20,"8":11,"9":3,"10":11},"f":{"0":11,"1":20,"2":11},"b":{"0":[1],"1":[2],"2":[10,10],"3":[1,10]},"_coverageSchema":"1a1c01bbd47fc00a2c39e90264f33305004495a9","hash":"87c992c5301ba33928ba7b605765072365e8c333"}
,"/Users/rick/WebstormProjects/DigitalHouse/src/components/Welcome.tsx": {"path":"/Users/rick/WebstormProjects/DigitalHouse/src/components/Welcome.tsx","statementMap":{"0":{"start":{"line":13,"column":27},"end":{"line":21,"column":1}},"1":{"start":{"line":14,"column":17},"end":{"line":14,"column":28}},"2":{"start":{"line":15,"column":2},"end":{"line":20,"column":4}},"3":{"start":{"line":23,"column":18},"end":{"line":36,"column":4}},"4":{"start":{"line":24,"column":2},"end":{"line":36,"column":4}}},"fnMap":{"0":{"name":"(anonymous_0)","decl":{"start":{"line":13,"column":27},"end":{"line":13,"column":28}},"loc":{"start":{"line":13,"column":52},"end":{"line":21,"column":1}},"line":13},"1":{"name":"(anonymous_1)","decl":{"start":{"line":23,"column":18},"end":{"line":23,"column":19}},"loc":{"start":{"line":24,"column":2},"end":{"line":36,"column":4}},"line":24}},"branchMap":{},"s":{"0":2,"1":9,"2":9,"3":2,"4":9},"f":{"0":9,"1":9},"b":{},"_coverageSchema":"1a1c01bbd47fc00a2c39e90264f33305004495a9","hash":"b570b16a483f283ab8c6e9aacb406e140a4c4594"}
,"/Users/rick/WebstormProjects/DigitalHouse/src/queries/index.ts": {"path":"/Users/rick/WebstormProjects/DigitalHouse/src/queries/index.ts","statementMap":{"0":{"start":{"line":4,"column":30},"end":{"line":5,"column":62}},"1":{"start":{"line":5,"column":2},"end":{"line":5,"column":62}}},"fnMap":{"0":{"name":"(anonymous_0)","decl":{"start":{"line":4,"column":30},"end":{"line":4,"column":31}},"loc":{"start":{"line":5,"column":2},"end":{"line":5,"column":62}},"line":5}},"branchMap":{},"s":{"0":3,"1":11},"f":{"0":11},"b":{},"_coverageSchema":"1a1c01bbd47fc00a2c39e90264f33305004495a9","hash":"e986a2a8a7010dfae762c59d999191a1ad3023f9"}
,"/Users/rick/WebstormProjects/DigitalHouse/src/screens/Home.tsx": {"path":"/Users/rick/WebstormProjects/DigitalHouse/src/screens/Home.tsx","statementMap":{"0":{"start":{"line":15,"column":17},"end":{"line":51,"column":1}},"1":{"start":{"line":16,"column":51},"end":{"line":16,"column":67}},"2":{"start":{"line":18,"column":4},"end":{"line":18,"column":29}},"3":{"start":{"line":19,"column":17},"end":{"line":19,"column":28}},"4":{"start":{"line":21,"column":19},"end":{"line":33,"column":3}},"5":{"start":{"line":22,"column":4},"end":{"line":31,"column":5}},"6":{"start":{"line":23,"column":6},"end":{"line":30,"column":7}},"7":{"start":{"line":25,"column":10},"end":{"line":25,"column":51}},"8":{"start":{"line":25,"column":34},"end":{"line":25,"column":49}},"9":{"start":{"line":27,"column":10},"end":{"line":27,"column":52}},"10":{"start":{"line":27,"column":34},"end":{"line":27,"column":50}},"11":{"start":{"line":29,"column":10},"end":{"line":29,"column":22}},"12":{"start":{"line":32,"column":4},"end":{"line":32,"column":14}},"13":{"start":{"line":35,"column":2},"end":{"line":50,"column":4}},"14":{"start":{"line":53,"column":18},"end":{"line":59,"column":4}},"15":{"start":{"line":54,"column":2},"end":{"line":59,"column":4}}},"fnMap":{"0":{"name":"(anonymous_0)","decl":{"start":{"line":15,"column":17},"end":{"line":15,"column":18}},"loc":{"start":{"line":15,"column":36},"end":{"line":51,"column":1}},"line":15},"1":{"name":"(anonymous_1)","decl":{"start":{"line":21,"column":19},"end":{"line":21,"column":20}},"loc":{"start":{"line":21,"column":25},"end":{"line":33,"column":3}},"line":21},"2":{"name":"(anonymous_2)","decl":{"start":{"line":25,"column":29},"end":{"line":25,"column":30}},"loc":{"start":{"line":25,"column":34},"end":{"line":25,"column":49}},"line":25},"3":{"name":"(anonymous_3)","decl":{"start":{"line":27,"column":29},"end":{"line":27,"column":30}},"loc":{"start":{"line":27,"column":34},"end":{"line":27,"column":50}},"line":27},"4":{"name":"(anonymous_4)","decl":{"start":{"line":53,"column":18},"end":{"line":53,"column":19}},"loc":{"start":{"line":54,"column":2},"end":{"line":59,"column":4}},"line":54}},"branchMap":{"0":{"loc":{"start":{"line":22,"column":4},"end":{"line":31,"column":5}},"type":"if","locations":[{"start":{"line":22,"column":4},"end":{"line":31,"column":5}},{"start":{},"end":{}}],"line":22},"1":{"loc":{"start":{"line":22,"column":8},"end":{"line":22,"column":36}},"type":"binary-expr","locations":[{"start":{"line":22,"column":8},"end":{"line":22,"column":12}},{"start":{"line":22,"column":16},"end":{"line":22,"column":36}}],"line":22},"2":{"loc":{"start":{"line":23,"column":6},"end":{"line":30,"column":7}},"type":"switch","locations":[{"start":{"line":24,"column":8},"end":{"line":25,"column":51}},{"start":{"line":26,"column":8},"end":{"line":27,"column":52}},{"start":{"line":28,"column":8},"end":{"line":29,"column":22}}],"line":23},"3":{"loc":{"start":{"line":39,"column":7},"end":{"line":48,"column":7}},"type":"binary-expr","locations":[{"start":{"line":39,"column":7},"end":{"line":39,"column":11}},{"start":{"line":40,"column":8},"end":{"line":47,"column":11}}],"line":39}},"s":{"0":2,"1":9,"2":9,"3":9,"4":9,"5":8,"6":5,"7":1,"8":2,"9":1,"10":2,"11":3,"12":3,"13":9,"14":2,"15":9},"f":{"0":9,"1":8,"2":2,"3":2,"4":9},"b":{"0":[5,3],"1":[8,8],"2":[1,1,3],"3":[9,8]},"_coverageSchema":"1a1c01bbd47fc00a2c39e90264f33305004495a9","hash":"389fdcac11f867e0244f0c95847ff7e8503778e4"}
,"/Users/rick/WebstormProjects/DigitalHouse/src/screens/ProductDetails.tsx": {"path":"/Users/rick/WebstormProjects/DigitalHouse/src/screens/ProductDetails.tsx","statementMap":{"0":{"start":{"line":23,"column":48},"end":{"line":64,"column":1}},"1":{"start":{"line":24,"column":17},"end":{"line":24,"column":28}},"2":{"start":{"line":25,"column":14},"end":{"line":25,"column":64}},"3":{"start":{"line":26,"column":22},"end":{"line":26,"column":38}},"4":{"start":{"line":27,"column":50},"end":{"line":29,"column":4}},"5":{"start":{"line":31,"column":17},"end":{"line":31,"column":67}},"6":{"start":{"line":31,"column":35},"end":{"line":31,"column":66}},"7":{"start":{"line":32,"column":2},"end":{"line":63,"column":4}},"8":{"start":{"line":57,"column":27},"end":{"line":57,"column":39}},"9":{"start":{"line":66,"column":18},"end":{"line":117,"column":4}},"10":{"start":{"line":67,"column":2},"end":{"line":117,"column":4}}},"fnMap":{"0":{"name":"(anonymous_0)","decl":{"start":{"line":23,"column":48},"end":{"line":23,"column":49}},"loc":{"start":{"line":23,"column":74},"end":{"line":64,"column":1}},"line":23},"1":{"name":"(anonymous_1)","decl":{"start":{"line":31,"column":30},"end":{"line":31,"column":31}},"loc":{"start":{"line":31,"column":35},"end":{"line":31,"column":66}},"line":31},"2":{"name":"(anonymous_2)","decl":{"start":{"line":57,"column":21},"end":{"line":57,"column":22}},"loc":{"start":{"line":57,"column":27},"end":{"line":57,"column":39}},"line":57},"3":{"name":"(anonymous_3)","decl":{"start":{"line":66,"column":18},"end":{"line":66,"column":19}},"loc":{"start":{"line":67,"column":2},"end":{"line":117,"column":4}},"line":67}},"branchMap":{"0":{"loc":{"start":{"line":52,"column":12},"end":{"line":52,"column":59}},"type":"cond-expr","locations":[{"start":{"line":52,"column":33},"end":{"line":52,"column":44}},{"start":{"line":52,"column":47},"end":{"line":52,"column":59}}],"line":52}},"s":{"0":2,"1":2,"2":2,"3":2,"4":2,"5":2,"6":4,"7":2,"8":1,"9":2,"10":2},"f":{"0":2,"1":4,"2":1,"3":2},"b":{"0":[1,1]},"_coverageSchema":"1a1c01bbd47fc00a2c39e90264f33305004495a9","hash":"f6a519f92a4447774d6296b46565f486e276d7a4"}
,"/Users/rick/WebstormProjects/DigitalHouse/src/styles/global.ts": {"path":"/Users/rick/WebstormProjects/DigitalHouse/src/styles/global.ts","statementMap":{"0":{"start":{"line":3,"column":31},"end":{"line":23,"column":4}},"1":{"start":{"line":4,"column":2},"end":{"line":23,"column":4}}},"fnMap":{"0":{"name":"(anonymous_0)","decl":{"start":{"line":3,"column":31},"end":{"line":3,"column":32}},"loc":{"start":{"line":4,"column":2},"end":{"line":23,"column":4}},"line":4}},"branchMap":{},"s":{"0":7,"1":54},"f":{"0":54},"b":{},"_coverageSchema":"1a1c01bbd47fc00a2c39e90264f33305004495a9","hash":"b17389995bfa94cf8eae7a2327cbc123ab0fec5a"}
,"/Users/rick/WebstormProjects/DigitalHouse/src/types/products.ts": {"path":"/Users/rick/WebstormProjects/DigitalHouse/src/types/products.ts","statementMap":{},"fnMap":{},"branchMap":{},"s":{},"f":{},"b":{},"_coverageSchema":"1a1c01bbd47fc00a2c39e90264f33305004495a9","hash":"d9bfc60ab0e2f82710fdb9a28d213699a70f3a8d"}
}
