{"/Users/rick/WebstormProjects/DigitalHouse/App.tsx": {"path":"/Users/rick/WebstormProjects/DigitalHouse/App.tsx","statementMap":{"0":{"start":{"line":5,"column":20},"end":{"line":5,"column":37}},"1":{"start":{"line":7,"column":12},"end":{"line":11,"column":1}},"2":{"start":{"line":8,"column":2},"end":{"line":10,"column":24}}},"fnMap":{"0":{"name":"(anonymous_0)","decl":{"start":{"line":7,"column":12},"end":{"line":7,"column":13}},"loc":{"start":{"line":8,"column":2},"end":{"line":10,"column":24}},"line":8}},"branchMap":{},"s":{"0":1,"1":1,"2":1},"f":{"0":1},"b":{},"_coverageSchema":"1a1c01bbd47fc00a2c39e90264f33305004495a9","hash":"b192c64c39fc640fc793c6d0e9153f97215f1f7f"}
,"/Users/rick/WebstormProjects/DigitalHouse/src/Routes.tsx": {"path":"/Users/rick/WebstormProjects/DigitalHouse/src/Routes.tsx","statementMap":{"0":{"start":{"line":8,"column":14},"end":{"line":8,"column":62}},"1":{"start":{"line":15,"column":19},"end":{"line":27,"column":1}},"2":{"start":{"line":16,"column":2},"end":{"line":26,"column":4}},"3":{"start":{"line":19,"column":30},"end":{"line":21,"column":9}}},"fnMap":{"0":{"name":"(anonymous_0)","decl":{"start":{"line":15,"column":19},"end":{"line":15,"column":20}},"loc":{"start":{"line":15,"column":38},"end":{"line":27,"column":1}},"line":15},"1":{"name":"(anonymous_1)","decl":{"start":{"line":19,"column":23},"end":{"line":19,"column":24}},"loc":{"start":{"line":19,"column":30},"end":{"line":21,"column":9}},"line":19}},"branchMap":{},"s":{"0":1,"1":1,"2":1,"3":1},"f":{"0":1,"1":1},"b":{},"_coverageSchema":"1a1c01bbd47fc00a2c39e90264f33305004495a9","hash":"c009f5f02fc028fa0c6804a949d40c043c3af55f"}
,"/Users/rick/WebstormProjects/DigitalHouse/src/api/index.ts": {"path":"/Users/rick/WebstormProjects/DigitalHouse/src/api/index.ts","statementMap":{"0":{"start":{"line":3,"column":16},"end":{"line":3,"column":68}},"1":{"start":{"line":5,"column":12},"end":{"line":13,"column":1}},"2":{"start":{"line":7,"column":19},"end":{"line":10,"column":6}},"3":{"start":{"line":11,"column":4},"end":{"line":11,"column":16}}},"fnMap":{"0":{"name":"(anonymous_0)","decl":{"start":{"line":6,"column":15},"end":{"line":6,"column":16}},"loc":{"start":{"line":6,"column":59},"end":{"line":12,"column":3}},"line":6}},"branchMap":{},"s":{"0":2,"1":2,"2":2,"3":0},"f":{"0":2},"b":{},"_coverageSchema":"1a1c01bbd47fc00a2c39e90264f33305004495a9","hash":"14eb33ef51cbd31b7c224faf444dbbaa7a1c97d6"}
,"/Users/rick/WebstormProjects/DigitalHouse/src/components/Button.tsx": {"path":"/Users/rick/WebstormProjects/DigitalHouse/src/components/Button.tsx","statementMap":{"0":{"start":{"line":17,"column":26},"end":{"line":32,"column":1}},"1":{"start":{"line":23,"column":23},"end":{"line":23,"column":40}},"2":{"start":{"line":24,"column":2},"end":{"line":31,"column":4}}},"fnMap":{"0":{"name":"(anonymous_0)","decl":{"start":{"line":17,"column":26},"end":{"line":17,"column":27}},"loc":{"start":{"line":22,"column":19},"end":{"line":32,"column":1}},"line":22},"1":{"name":"(anonymous_1)","decl":{"start":{"line":20,"column":12},"end":{"line":20,"column":13}},"loc":{"start":{"line":20,"column":18},"end":{"line":20,"column":20}},"line":20}},"branchMap":{"0":{"loc":{"start":{"line":20,"column":2},"end":{"line":20,"column":20}},"type":"default-arg","locations":[{"start":{"line":20,"column":12},"end":{"line":20,"column":20}}],"line":20}},"s":{"0":3,"1":15,"2":15},"f":{"0":15,"1":0},"b":{"0":[1]},"_coverageSchema":"1a1c01bbd47fc00a2c39e90264f33305004495a9","hash":"7f52ec5152f8720a4496babbf74fafc5d7ce6632"}
,"/Users/rick/WebstormProjects/DigitalHouse/src/components/Filter.tsx": {"path":"/Users/rick/WebstormProjects/DigitalHouse/src/components/Filter.tsx","statementMap":{"0":{"start":{"line":15,"column":26},"end":{"line":50,"column":1}},"1":{"start":{"line":16,"column":30},"end":{"line":16,"column":74}},"2":{"start":{"line":17,"column":17},"end":{"line":17,"column":28}},"3":{"start":{"line":19,"column":2},"end":{"line":21,"column":31}},"4":{"start":{"line":20,"column":4},"end":{"line":20,"column":27}},"5":{"start":{"line":23,"column":2},"end":{"line":49,"column":4}},"6":{"start":{"line":30,"column":27},"end":{"line":30,"column":59}},"7":{"start":{"line":36,"column":27},"end":{"line":36,"column":61}},"8":{"start":{"line":44,"column":25},"end":{"line":44,"column":55}},"9":{"start":{"line":52,"column":18},"end":{"line":65,"column":4}},"10":{"start":{"line":53,"column":2},"end":{"line":65,"column":4}}},"fnMap":{"0":{"name":"(anonymous_0)","decl":{"start":{"line":15,"column":26},"end":{"line":15,"column":27}},"loc":{"start":{"line":15,"column":72},"end":{"line":50,"column":1}},"line":15},"1":{"name":"(anonymous_1)","decl":{"start":{"line":15,"column":45},"end":{"line":15,"column":46}},"loc":{"start":{"line":15,"column":51},"end":{"line":15,"column":53}},"line":15},"2":{"name":"(anonymous_2)","decl":{"start":{"line":19,"column":12},"end":{"line":19,"column":13}},"loc":{"start":{"line":19,"column":18},"end":{"line":21,"column":3}},"line":19},"3":{"name":"(anonymous_3)","decl":{"start":{"line":30,"column":21},"end":{"line":30,"column":22}},"loc":{"start":{"line":30,"column":27},"end":{"line":30,"column":59}},"line":30},"4":{"name":"(anonymous_4)","decl":{"start":{"line":36,"column":21},"end":{"line":36,"column":22}},"loc":{"start":{"line":36,"column":27},"end":{"line":36,"column":61}},"line":36},"5":{"name":"(anonymous_5)","decl":{"start":{"line":44,"column":19},"end":{"line":44,"column":20}},"loc":{"start":{"line":44,"column":25},"end":{"line":44,"column":55}},"line":44},"6":{"name":"(anonymous_6)","decl":{"start":{"line":52,"column":18},"end":{"line":52,"column":19}},"loc":{"start":{"line":53,"column":2},"end":{"line":65,"column":4}},"line":53}},"branchMap":{"0":{"loc":{"start":{"line":15,"column":28},"end":{"line":15,"column":53}},"type":"default-arg","locations":[{"start":{"line":15,"column":45},"end":{"line":15,"column":53}}],"line":15},"1":{"loc":{"start":{"line":25,"column":7},"end":{"line":47,"column":7}},"type":"cond-expr","locations":[{"start":{"line":26,"column":8},"end":{"line":39,"column":11}},{"start":{"line":41,"column":8},"end":{"line":46,"column":10}}],"line":25}},"s":{"0":2,"1":8,"2":8,"3":8,"4":8,"5":8,"6":1,"7":2,"8":1,"9":2,"10":8},"f":{"0":8,"1":1,"2":8,"3":1,"4":2,"5":1,"6":8},"b":{"0":[1],"1":[5,3]},"_coverageSchema":"1a1c01bbd47fc00a2c39e90264f33305004495a9","hash":"d31248ac86cabc3a891fe62c0e55d948976778f3"}
,"/Users/rick/WebstormProjects/DigitalHouse/src/components/ProductList.tsx": {"path":"/Users/rick/WebstormProjects/DigitalHouse/src/components/ProductList.tsx","statementMap":{"0":{"start":{"line":29,"column":31},"end":{"line":88,"column":1}},"1":{"start":{"line":34,"column":14},"end":{"line":34,"column":54}},"2":{"start":{"line":35,"column":23},"end":{"line":35,"column":40}},"3":{"start":{"line":36,"column":17},"end":{"line":36,"column":28}},"4":{"start":{"line":38,"column":58},"end":{"line":71,"column":3}},"5":{"start":{"line":39,"column":21},"end":{"line":39,"column":65}},"6":{"start":{"line":40,"column":21},"end":{"line":40,"column":52}},"7":{"start":{"line":41,"column":4},"end":{"line":70,"column":6}},"8":{"start":{"line":44,"column":23},"end":{"line":44,"column":75}},"9":{"start":{"line":73,"column":2},"end":{"line":87,"column":4}},"10":{"start":{"line":90,"column":18},"end":{"line":138,"column":4}},"11":{"start":{"line":91,"column":2},"end":{"line":138,"column":4}}},"fnMap":{"0":{"name":"(anonymous_0)","decl":{"start":{"line":29,"column":31},"end":{"line":29,"column":32}},"loc":{"start":{"line":33,"column":19},"end":{"line":88,"column":1}},"line":33},"1":{"name":"(anonymous_1)","decl":{"start":{"line":31,"column":12},"end":{"line":31,"column":13}},"loc":{"start":{"line":31,"column":18},"end":{"line":31,"column":20}},"line":31},"2":{"name":"(anonymous_2)","decl":{"start":{"line":38,"column":58},"end":{"line":38,"column":59}},"loc":{"start":{"line":38,"column":77},"end":{"line":71,"column":3}},"line":38},"3":{"name":"(anonymous_3)","decl":{"start":{"line":44,"column":17},"end":{"line":44,"column":18}},"loc":{"start":{"line":44,"column":23},"end":{"line":44,"column":75}},"line":44},"4":{"name":"(anonymous_4)","decl":{"start":{"line":90,"column":18},"end":{"line":90,"column":19}},"loc":{"start":{"line":91,"column":2},"end":{"line":138,"column":4}},"line":91}},"branchMap":{"0":{"loc":{"start":{"line":30,"column":2},"end":{"line":30,"column":11}},"type":"default-arg","locations":[{"start":{"line":30,"column":9},"end":{"line":30,"column":11}}],"line":30},"1":{"loc":{"start":{"line":31,"column":2},"end":{"line":31,"column":20}},"type":"default-arg","locations":[{"start":{"line":31,"column":12},"end":{"line":31,"column":20}}],"line":31},"2":{"loc":{"start":{"line":32,"column":2},"end":{"line":32,"column":22}},"type":"default-arg","locations":[{"start":{"line":32,"column":17},"end":{"line":32,"column":22}}],"line":32},"3":{"loc":{"start":{"line":39,"column":21},"end":{"line":39,"column":65}},"type":"binary-expr","locations":[{"start":{"line":39,"column":21},"end":{"line":39,"column":46}},{"start":{"line":39,"column":50},"end":{"line":39,"column":65}}],"line":39},"4":{"loc":{"start":{"line":40,"column":21},"end":{"line":40,"column":52}},"type":"binary-expr","locations":[{"start":{"line":40,"column":21},"end":{"line":40,"column":32}},{"start":{"line":40,"column":36},"end":{"line":40,"column":52}}],"line":40},"5":{"loc":{"start":{"line":64,"column":16},"end":{"line":64,"column":70}},"type":"cond-expr","locations":[{"start":{"line":64,"column":37},"end":{"line":64,"column":52}},{"start":{"line":64,"column":55},"end":{"line":64,"column":70}}],"line":64},"6":{"loc":{"start":{"line":65,"column":20},"end":{"line":65,"column":52}},"type":"cond-expr","locations":[{"start":{"line":65,"column":41},"end":{"line":65,"column":45}},{"start":{"line":65,"column":48},"end":{"line":65,"column":52}}],"line":65}},"s":{"0":2,"1":2,"2":2,"3":2,"4":2,"5":2,"6":2,"7":2,"8":1,"9":2,"10":2,"11":2},"f":{"0":2,"1":0,"2":2,"3":1,"4":2},"b":{"0":[0],"1":[0],"2":[2],"3":[2,2],"4":[2,2],"5":[1,1],"6":[1,1]},"_coverageSchema":"1a1c01bbd47fc00a2c39e90264f33305004495a9","hash":"6e2b86d058f25224dfbc4c2efd621df65b62122d"}
,"/Users/rick/WebstormProjects/DigitalHouse/src/components/TotalPoints.tsx": {"path":"/Users/rick/WebstormProjects/DigitalHouse/src/components/TotalPoints.tsx","statementMap":{"0":{"start":{"line":16,"column":31},"end":{"line":49,"column":1}},"1":{"start":{"line":20,"column":17},"end":{"line":20,"column":28}},"2":{"start":{"line":21,"column":23},"end":{"line":21,"column":40}},"3":{"start":{"line":23,"column":16},"end":{"line":30,"column":7}},"4":{"start":{"line":24,"column":4},"end":{"line":28,"column":5}},"5":{"start":{"line":25,"column":6},"end":{"line":25,"column":24}},"6":{"start":{"line":27,"column":6},"end":{"line":27,"column":24}},"7":{"start":{"line":29,"column":4},"end":{"line":29,"column":15}},"8":{"start":{"line":32,"column":2},"end":{"line":48,"column":4}},"9":{"start":{"line":51,"column":18},"end":{"line":87,"column":4}},"10":{"start":{"line":52,"column":2},"end":{"line":87,"column":4}}},"fnMap":{"0":{"name":"(anonymous_0)","decl":{"start":{"line":16,"column":31},"end":{"line":16,"column":32}},"loc":{"start":{"line":19,"column":19},"end":{"line":49,"column":1}},"line":19},"1":{"name":"(anonymous_1)","decl":{"start":{"line":23,"column":28},"end":{"line":23,"column":29}},"loc":{"start":{"line":23,"column":42},"end":{"line":30,"column":3}},"line":23},"2":{"name":"(anonymous_2)","decl":{"start":{"line":51,"column":18},"end":{"line":51,"column":19}},"loc":{"start":{"line":52,"column":2},"end":{"line":87,"column":4}},"line":52}},"branchMap":{"0":{"loc":{"start":{"line":17,"column":2},"end":{"line":17,"column":11}},"type":"default-arg","locations":[{"start":{"line":17,"column":9},"end":{"line":17,"column":11}}],"line":17},"1":{"loc":{"start":{"line":18,"column":2},"end":{"line":18,"column":19}},"type":"default-arg","locations":[{"start":{"line":18,"column":14},"end":{"line":18,"column":19}}],"line":18},"2":{"loc":{"start":{"line":24,"column":4},"end":{"line":28,"column":5}},"type":"if","locations":[{"start":{"line":24,"column":4},"end":{"line":28,"column":5}},{"start":{"line":26,"column":11},"end":{"line":28,"column":5}}],"line":24},"3":{"loc":{"start":{"line":36,"column":9},"end":{"line":45,"column":9}},"type":"cond-expr","locations":[{"start":{"line":37,"column":10},"end":{"line":37,"column":62}},{"start":{"line":39,"column":10},"end":{"line":44,"column":13}}],"line":36}},"s":{"0":1,"1":1,"2":1,"3":1,"4":0,"5":0,"6":0,"7":0,"8":1,"9":1,"10":1},"f":{"0":1,"1":0,"2":1},"b":{"0":[1],"1":[0],"2":[0,0],"3":[1,0]},"_coverageSchema":"1a1c01bbd47fc00a2c39e90264f33305004495a9","hash":"87c992c5301ba33928ba7b605765072365e8c333"}
,"/Users/rick/WebstormProjects/DigitalHouse/src/components/Welcome.tsx": {"path":"/Users/rick/WebstormProjects/DigitalHouse/src/components/Welcome.tsx","statementMap":{"0":{"start":{"line":13,"column":27},"end":{"line":21,"column":1}},"1":{"start":{"line":14,"column":17},"end":{"line":14,"column":28}},"2":{"start":{"line":15,"column":2},"end":{"line":20,"column":4}},"3":{"start":{"line":23,"column":18},"end":{"line":36,"column":4}},"4":{"start":{"line":24,"column":2},"end":{"line":36,"column":4}}},"fnMap":{"0":{"name":"(anonymous_0)","decl":{"start":{"line":13,"column":27},"end":{"line":13,"column":28}},"loc":{"start":{"line":13,"column":52},"end":{"line":21,"column":1}},"line":13},"1":{"name":"(anonymous_1)","decl":{"start":{"line":23,"column":18},"end":{"line":23,"column":19}},"loc":{"start":{"line":24,"column":2},"end":{"line":36,"column":4}},"line":24}},"branchMap":{},"s":{"0":1,"1":1,"2":1,"3":1,"4":1},"f":{"0":1,"1":1},"b":{},"_coverageSchema":"1a1c01bbd47fc00a2c39e90264f33305004495a9","hash":"b570b16a483f283ab8c6e9aacb406e140a4c4594"}
,"/Users/rick/WebstormProjects/DigitalHouse/src/queries/index.ts": {"path":"/Users/rick/WebstormProjects/DigitalHouse/src/queries/index.ts","statementMap":{"0":{"start":{"line":4,"column":30},"end":{"line":5,"column":62}},"1":{"start":{"line":5,"column":2},"end":{"line":5,"column":62}}},"fnMap":{"0":{"name":"(anonymous_0)","decl":{"start":{"line":4,"column":30},"end":{"line":4,"column":31}},"loc":{"start":{"line":5,"column":2},"end":{"line":5,"column":62}},"line":5}},"branchMap":{},"s":{"0":1,"1":1},"f":{"0":1},"b":{},"_coverageSchema":"1a1c01bbd47fc00a2c39e90264f33305004495a9","hash":"e986a2a8a7010dfae762c59d999191a1ad3023f9"}
,"/Users/rick/WebstormProjects/DigitalHouse/src/screens/Home.tsx": {"path":"/Users/rick/WebstormProjects/DigitalHouse/src/screens/Home.tsx","statementMap":{"0":{"start":{"line":16,"column":28},"end":{"line":52,"column":1}},"1":{"start":{"line":17,"column":51},"end":{"line":17,"column":67}},"2":{"start":{"line":19,"column":4},"end":{"line":19,"column":29}},"3":{"start":{"line":20,"column":17},"end":{"line":20,"column":28}},"4":{"start":{"line":22,"column":19},"end":{"line":34,"column":3}},"5":{"start":{"line":23,"column":4},"end":{"line":32,"column":5}},"6":{"start":{"line":24,"column":6},"end":{"line":31,"column":7}},"7":{"start":{"line":26,"column":10},"end":{"line":26,"column":51}},"8":{"start":{"line":26,"column":34},"end":{"line":26,"column":49}},"9":{"start":{"line":28,"column":10},"end":{"line":28,"column":52}},"10":{"start":{"line":28,"column":34},"end":{"line":28,"column":50}},"11":{"start":{"line":30,"column":10},"end":{"line":30,"column":22}},"12":{"start":{"line":33,"column":4},"end":{"line":33,"column":14}},"13":{"start":{"line":36,"column":2},"end":{"line":51,"column":4}},"14":{"start":{"line":54,"column":18},"end":{"line":60,"column":4}},"15":{"start":{"line":55,"column":2},"end":{"line":60,"column":4}}},"fnMap":{"0":{"name":"(anonymous_0)","decl":{"start":{"line":16,"column":28},"end":{"line":16,"column":29}},"loc":{"start":{"line":16,"column":47},"end":{"line":52,"column":1}},"line":16},"1":{"name":"(anonymous_1)","decl":{"start":{"line":22,"column":19},"end":{"line":22,"column":20}},"loc":{"start":{"line":22,"column":25},"end":{"line":34,"column":3}},"line":22},"2":{"name":"(anonymous_2)","decl":{"start":{"line":26,"column":29},"end":{"line":26,"column":30}},"loc":{"start":{"line":26,"column":34},"end":{"line":26,"column":49}},"line":26},"3":{"name":"(anonymous_3)","decl":{"start":{"line":28,"column":29},"end":{"line":28,"column":30}},"loc":{"start":{"line":28,"column":34},"end":{"line":28,"column":50}},"line":28},"4":{"name":"(anonymous_4)","decl":{"start":{"line":54,"column":18},"end":{"line":54,"column":19}},"loc":{"start":{"line":55,"column":2},"end":{"line":60,"column":4}},"line":55}},"branchMap":{"0":{"loc":{"start":{"line":23,"column":4},"end":{"line":32,"column":5}},"type":"if","locations":[{"start":{"line":23,"column":4},"end":{"line":32,"column":5}},{"start":{},"end":{}}],"line":23},"1":{"loc":{"start":{"line":23,"column":8},"end":{"line":23,"column":36}},"type":"binary-expr","locations":[{"start":{"line":23,"column":8},"end":{"line":23,"column":12}},{"start":{"line":23,"column":16},"end":{"line":23,"column":36}}],"line":23},"2":{"loc":{"start":{"line":24,"column":6},"end":{"line":31,"column":7}},"type":"switch","locations":[{"start":{"line":25,"column":8},"end":{"line":26,"column":51}},{"start":{"line":27,"column":8},"end":{"line":28,"column":52}},{"start":{"line":29,"column":8},"end":{"line":30,"column":22}}],"line":24},"3":{"loc":{"start":{"line":40,"column":7},"end":{"line":49,"column":7}},"type":"binary-expr","locations":[{"start":{"line":40,"column":7},"end":{"line":40,"column":11}},{"start":{"line":41,"column":8},"end":{"line":48,"column":11}}],"line":40}},"s":{"0":1,"1":1,"2":1,"3":1,"4":1,"5":0,"6":0,"7":0,"8":0,"9":0,"10":0,"11":0,"12":0,"13":1,"14":1,"15":1},"f":{"0":1,"1":0,"2":0,"3":0,"4":1},"b":{"0":[0,0],"1":[0,0],"2":[0,0,0],"3":[1,0]},"_coverageSchema":"1a1c01bbd47fc00a2c39e90264f33305004495a9","hash":"fc0c35b34a826ea88b88d5ad55e70d1488945245"}
,"/Users/rick/WebstormProjects/DigitalHouse/src/screens/ProductDetails.tsx": {"path":"/Users/rick/WebstormProjects/DigitalHouse/src/screens/ProductDetails.tsx","statementMap":{"0":{"start":{"line":23,"column":48},"end":{"line":68,"column":1}},"1":{"start":{"line":24,"column":17},"end":{"line":24,"column":28}},"2":{"start":{"line":25,"column":14},"end":{"line":25,"column":64}},"3":{"start":{"line":26,"column":22},"end":{"line":26,"column":38}},"4":{"start":{"line":27,"column":50},"end":{"line":29,"column":4}},"5":{"start":{"line":31,"column":2},"end":{"line":61,"column":3}},"6":{"start":{"line":32,"column":19},"end":{"line":32,"column":68}},"7":{"start":{"line":32,"column":36},"end":{"line":32,"column":67}},"8":{"start":{"line":33,"column":4},"end":{"line":60,"column":6}},"9":{"start":{"line":56,"column":51},"end":{"line":56,"column":63}},"10":{"start":{"line":63,"column":2},"end":{"line":67,"column":4}},"11":{"start":{"line":70,"column":18},"end":{"line":121,"column":4}},"12":{"start":{"line":71,"column":2},"end":{"line":121,"column":4}}},"fnMap":{"0":{"name":"(anonymous_0)","decl":{"start":{"line":23,"column":48},"end":{"line":23,"column":49}},"loc":{"start":{"line":23,"column":74},"end":{"line":68,"column":1}},"line":23},"1":{"name":"(anonymous_1)","decl":{"start":{"line":32,"column":31},"end":{"line":32,"column":32}},"loc":{"start":{"line":32,"column":36},"end":{"line":32,"column":67}},"line":32},"2":{"name":"(anonymous_2)","decl":{"start":{"line":56,"column":45},"end":{"line":56,"column":46}},"loc":{"start":{"line":56,"column":51},"end":{"line":56,"column":63}},"line":56},"3":{"name":"(anonymous_3)","decl":{"start":{"line":70,"column":18},"end":{"line":70,"column":19}},"loc":{"start":{"line":71,"column":2},"end":{"line":121,"column":4}},"line":71}},"branchMap":{"0":{"loc":{"start":{"line":31,"column":2},"end":{"line":61,"column":3}},"type":"if","locations":[{"start":{"line":31,"column":2},"end":{"line":61,"column":3}},{"start":{},"end":{}}],"line":31},"1":{"loc":{"start":{"line":53,"column":14},"end":{"line":53,"column":61}},"type":"cond-expr","locations":[{"start":{"line":53,"column":35},"end":{"line":53,"column":46}},{"start":{"line":53,"column":49},"end":{"line":53,"column":61}}],"line":53}},"s":{"0":1,"1":0,"2":0,"3":0,"4":0,"5":0,"6":0,"7":0,"8":0,"9":0,"10":0,"11":1,"12":0},"f":{"0":0,"1":0,"2":0,"3":0},"b":{"0":[0,0],"1":[0,0]},"_coverageSchema":"1a1c01bbd47fc00a2c39e90264f33305004495a9","hash":"639135577d9800b2623cec5a524c22828530ca73"}
,"/Users/rick/WebstormProjects/DigitalHouse/src/styles/global.ts": {"path":"/Users/rick/WebstormProjects/DigitalHouse/src/styles/global.ts","statementMap":{"0":{"start":{"line":3,"column":31},"end":{"line":23,"column":4}},"1":{"start":{"line":4,"column":2},"end":{"line":23,"column":4}}},"fnMap":{"0":{"name":"(anonymous_0)","decl":{"start":{"line":3,"column":31},"end":{"line":3,"column":32}},"loc":{"start":{"line":4,"column":2},"end":{"line":23,"column":4}},"line":4}},"branchMap":{},"s":{"0":4,"1":18},"f":{"0":18},"b":{},"_coverageSchema":"1a1c01bbd47fc00a2c39e90264f33305004495a9","hash":"b17389995bfa94cf8eae7a2327cbc123ab0fec5a"}
,"/Users/rick/WebstormProjects/DigitalHouse/src/types/products.ts": {"path":"/Users/rick/WebstormProjects/DigitalHouse/src/types/products.ts","statementMap":{},"fnMap":{},"branchMap":{},"s":{},"f":{},"b":{},"_coverageSchema":"1a1c01bbd47fc00a2c39e90264f33305004495a9","hash":"d9bfc60ab0e2f82710fdb9a28d213699a70f3a8d"}
}
