TN:
SF:App.tsx
FN:7,(anonymous_0)
FNF:1
FNH:1
FNDA:1,(anonymous_0)
DA:5,1
DA:7,1
DA:8,1
LF:3
LH:3
BRF:0
BRH:0
end_of_record
TN:
SF:src/Routes.tsx
FN:15,(anonymous_0)
FN:19,(anonymous_1)
FNF:2
FNH:2
FNDA:1,(anonymous_0)
FNDA:1,(anonymous_1)
DA:8,1
DA:15,1
DA:16,1
DA:19,1
LF:4
LH:4
BRF:0
BRH:0
end_of_record
TN:
SF:src/api/index.ts
FN:6,(anonymous_0)
FNF:1
FNH:1
FNDA:3,(anonymous_0)
DA:3,4
DA:5,4
DA:7,3
DA:11,1
LF:4
LH:4
BRF:0
BRH:0
end_of_record
TN:
SF:src/components/Button.tsx
FN:17,(anonymous_0)
FN:20,(anonymous_1)
FNF:2
FNH:1
FNDA:33,(anonymous_0)
FNDA:0,(anonymous_1)
DA:17,5
DA:23,33
DA:24,33
LF:3
LH:3
BRDA:20,0,0,1
BRF:1
BRH:1
end_of_record
TN:
SF:src/components/Filter.tsx
FN:15,(anonymous_0)
FN:15,(anonymous_1)
FN:19,(anonymous_2)
FN:30,(anonymous_3)
FN:36,(anonymous_4)
FN:44,(anonymous_5)
FN:52,(anonymous_6)
FNF:7
FNH:7
FNDA:18,(anonymous_0)
FNDA:1,(anonymous_1)
FNDA:13,(anonymous_2)
FNDA:2,(anonymous_3)
FNDA:3,(anonymous_4)
FNDA:1,(anonymous_5)
FNDA:18,(anonymous_6)
DA:15,3
DA:16,18
DA:17,18
DA:19,18
DA:20,13
DA:23,18
DA:30,2
DA:36,3
DA:44,1
DA:52,3
DA:53,18
LF:11
LH:11
BRDA:15,0,0,1
BRDA:25,1,0,11
BRDA:25,1,1,7
BRF:3
BRH:3
end_of_record
TN:
SF:src/components/ProductList.tsx
FN:29,(anonymous_0)
FN:31,(anonymous_1)
FN:38,(anonymous_2)
FN:44,(anonymous_3)
FN:90,(anonymous_4)
FNF:5
FNH:4
FNDA:10,(anonymous_0)
FNDA:0,(anonymous_1)
FNDA:10,(anonymous_2)
FNDA:1,(anonymous_3)
FNDA:10,(anonymous_4)
DA:29,3
DA:34,10
DA:35,10
DA:36,10
DA:38,10
DA:39,10
DA:40,10
DA:41,10
DA:44,1
DA:73,10
DA:90,3
DA:91,10
LF:12
LH:12
BRDA:30,0,0,0
BRDA:31,1,0,8
BRDA:32,2,0,10
BRDA:39,3,0,10
BRDA:39,3,1,7
BRDA:40,4,0,10
BRDA:40,4,1,7
BRDA:64,5,0,5
BRDA:64,5,1,5
BRDA:65,6,0,5
BRDA:65,6,1,5
BRF:11
BRH:10
end_of_record
TN:
SF:src/components/TotalPoints.tsx
FN:16,(anonymous_0)
FN:23,(anonymous_1)
FN:51,(anonymous_2)
FNF:3
FNH:3
FNDA:11,(anonymous_0)
FNDA:20,(anonymous_1)
FNDA:11,(anonymous_2)
DA:16,3
DA:20,11
DA:21,11
DA:23,11
DA:24,20
DA:25,10
DA:27,10
DA:29,20
DA:32,11
DA:51,3
DA:52,11
LF:11
LH:11
BRDA:17,0,0,1
BRDA:18,1,0,2
BRDA:24,2,0,10
BRDA:24,2,1,10
BRDA:36,3,0,1
BRDA:36,3,1,10
BRF:6
BRH:6
end_of_record
TN:
SF:src/components/Welcome.tsx
FN:13,(anonymous_0)
FN:23,(anonymous_1)
FNF:2
FNH:2
FNDA:9,(anonymous_0)
FNDA:9,(anonymous_1)
DA:13,2
DA:14,9
DA:15,9
DA:23,2
DA:24,9
LF:5
LH:5
BRF:0
BRH:0
end_of_record
TN:
SF:src/queries/index.ts
FN:4,(anonymous_0)
FNF:1
FNH:1
FNDA:11,(anonymous_0)
DA:4,3
DA:5,11
LF:2
LH:2
BRF:0
BRH:0
end_of_record
TN:
SF:src/screens/Home.tsx
FN:15,(anonymous_0)
FN:21,(anonymous_1)
FN:25,(anonymous_2)
FN:27,(anonymous_3)
FN:53,(anonymous_4)
FNF:5
FNH:5
FNDA:9,(anonymous_0)
FNDA:8,(anonymous_1)
FNDA:2,(anonymous_2)
FNDA:2,(anonymous_3)
FNDA:9,(anonymous_4)
DA:15,2
DA:16,9
DA:18,9
DA:19,9
DA:21,9
DA:22,8
DA:23,5
DA:25,2
DA:27,2
DA:29,3
DA:32,3
DA:35,9
DA:53,2
DA:54,9
LF:14
LH:14
BRDA:22,0,0,5
BRDA:22,0,1,3
BRDA:22,1,0,8
BRDA:22,1,1,8
BRDA:23,2,0,1
BRDA:23,2,1,1
BRDA:23,2,2,3
BRDA:39,3,0,9
BRDA:39,3,1,8
BRF:9
BRH:9
end_of_record
TN:
SF:src/screens/ProductDetails.tsx
FN:23,(anonymous_0)
FN:31,(anonymous_1)
FN:57,(anonymous_2)
FN:66,(anonymous_3)
FNF:4
FNH:4
FNDA:2,(anonymous_0)
FNDA:4,(anonymous_1)
FNDA:1,(anonymous_2)
FNDA:2,(anonymous_3)
DA:23,2
DA:24,2
DA:25,2
DA:26,2
DA:27,2
DA:31,4
DA:32,2
DA:57,1
DA:66,2
DA:67,2
LF:10
LH:10
BRDA:52,0,0,1
BRDA:52,0,1,1
BRF:2
BRH:2
end_of_record
TN:
SF:src/styles/global.ts
FN:3,(anonymous_0)
FNF:1
FNH:1
FNDA:54,(anonymous_0)
DA:3,7
DA:4,54
LF:2
LH:2
BRF:0
BRH:0
end_of_record
TN:
SF:src/types/products.ts
FNF:0
FNH:0
LF:0
LH:0
BRF:0
BRH:0
end_of_record
