TN:
SF:App.tsx
FN:7,(anonymous_0)
FNF:1
FNH:1
FNDA:1,(anonymous_0)
DA:5,1
DA:7,1
DA:8,1
LF:3
LH:3
BRF:0
BRH:0
end_of_record
TN:
SF:src/Routes.tsx
FN:15,(anonymous_0)
FN:19,(anonymous_1)
FNF:2
FNH:2
FNDA:1,(anonymous_0)
FNDA:1,(anonymous_1)
DA:8,1
DA:15,1
DA:16,1
DA:19,1
LF:4
LH:4
BRF:0
BRH:0
end_of_record
TN:
SF:src/api/index.ts
FN:6,(anonymous_0)
FNF:1
FNH:1
FNDA:2,(anonymous_0)
DA:3,2
DA:5,2
DA:7,2
DA:11,0
LF:4
LH:3
BRF:0
BRH:0
end_of_record
TN:
SF:src/components/Button.tsx
FN:17,(anonymous_0)
FN:20,(anonymous_1)
FNF:2
FNH:1
FNDA:15,(anonymous_0)
FNDA:0,(anonymous_1)
DA:17,3
DA:23,15
DA:24,15
LF:3
LH:3
BRDA:20,0,0,1
BRF:1
BRH:1
end_of_record
TN:
SF:src/components/Filter.tsx
FN:15,(anonymous_0)
FN:15,(anonymous_1)
FN:19,(anonymous_2)
FN:30,(anonymous_3)
FN:36,(anonymous_4)
FN:44,(anonymous_5)
FN:52,(anonymous_6)
FNF:7
FNH:7
FNDA:8,(anonymous_0)
FNDA:1,(anonymous_1)
FNDA:8,(anonymous_2)
FNDA:1,(anonymous_3)
FNDA:2,(anonymous_4)
FNDA:1,(anonymous_5)
FNDA:8,(anonymous_6)
DA:15,2
DA:16,8
DA:17,8
DA:19,8
DA:20,8
DA:23,8
DA:30,1
DA:36,2
DA:44,1
DA:52,2
DA:53,8
LF:11
LH:11
BRDA:15,0,0,1
BRDA:25,1,0,5
BRDA:25,1,1,3
BRF:3
BRH:3
end_of_record
TN:
SF:src/components/ProductList.tsx
FN:29,(anonymous_0)
FN:31,(anonymous_1)
FN:38,(anonymous_2)
FN:44,(anonymous_3)
FN:90,(anonymous_4)
FNF:5
FNH:4
FNDA:2,(anonymous_0)
FNDA:0,(anonymous_1)
FNDA:2,(anonymous_2)
FNDA:1,(anonymous_3)
FNDA:2,(anonymous_4)
DA:29,2
DA:34,2
DA:35,2
DA:36,2
DA:38,2
DA:39,2
DA:40,2
DA:41,2
DA:44,1
DA:73,2
DA:90,2
DA:91,2
LF:12
LH:12
BRDA:30,0,0,0
BRDA:31,1,0,0
BRDA:32,2,0,2
BRDA:39,3,0,2
BRDA:39,3,1,2
BRDA:40,4,0,2
BRDA:40,4,1,2
BRDA:64,5,0,1
BRDA:64,5,1,1
BRDA:65,6,0,1
BRDA:65,6,1,1
BRF:11
BRH:9
end_of_record
TN:
SF:src/components/TotalPoints.tsx
FN:16,(anonymous_0)
FN:23,(anonymous_1)
FN:51,(anonymous_2)
FNF:3
FNH:2
FNDA:1,(anonymous_0)
FNDA:0,(anonymous_1)
FNDA:1,(anonymous_2)
DA:16,1
DA:20,1
DA:21,1
DA:23,1
DA:24,0
DA:25,0
DA:27,0
DA:29,0
DA:32,1
DA:51,1
DA:52,1
LF:11
LH:7
BRDA:17,0,0,1
BRDA:18,1,0,0
BRDA:24,2,0,0
BRDA:24,2,1,0
BRDA:36,3,0,1
BRDA:36,3,1,0
BRF:6
BRH:2
end_of_record
TN:
SF:src/components/Welcome.tsx
FN:13,(anonymous_0)
FN:23,(anonymous_1)
FNF:2
FNH:2
FNDA:1,(anonymous_0)
FNDA:1,(anonymous_1)
DA:13,1
DA:14,1
DA:15,1
DA:23,1
DA:24,1
LF:5
LH:5
BRF:0
BRH:0
end_of_record
TN:
SF:src/queries/index.ts
FN:4,(anonymous_0)
FNF:1
FNH:1
FNDA:1,(anonymous_0)
DA:4,1
DA:5,1
LF:2
LH:2
BRF:0
BRH:0
end_of_record
TN:
SF:src/screens/Home.tsx
FN:16,(anonymous_0)
FN:22,(anonymous_1)
FN:26,(anonymous_2)
FN:28,(anonymous_3)
FN:54,(anonymous_4)
FNF:5
FNH:2
FNDA:1,(anonymous_0)
FNDA:0,(anonymous_1)
FNDA:0,(anonymous_2)
FNDA:0,(anonymous_3)
FNDA:1,(anonymous_4)
DA:16,1
DA:17,1
DA:19,1
DA:20,1
DA:22,1
DA:23,0
DA:24,0
DA:26,0
DA:28,0
DA:30,0
DA:33,0
DA:36,1
DA:54,1
DA:55,1
LF:14
LH:8
BRDA:23,0,0,0
BRDA:23,0,1,0
BRDA:23,1,0,0
BRDA:23,1,1,0
BRDA:24,2,0,0
BRDA:24,2,1,0
BRDA:24,2,2,0
BRDA:40,3,0,1
BRDA:40,3,1,0
BRF:9
BRH:1
end_of_record
TN:
SF:src/screens/ProductDetails.tsx
FN:23,(anonymous_0)
FN:32,(anonymous_1)
FN:56,(anonymous_2)
FN:70,(anonymous_3)
FNF:4
FNH:0
FNDA:0,(anonymous_0)
FNDA:0,(anonymous_1)
FNDA:0,(anonymous_2)
FNDA:0,(anonymous_3)
DA:23,1
DA:24,0
DA:25,0
DA:26,0
DA:27,0
DA:31,0
DA:32,0
DA:33,0
DA:56,0
DA:63,0
DA:70,1
DA:71,0
LF:12
LH:2
BRDA:31,0,0,0
BRDA:31,0,1,0
BRDA:53,1,0,0
BRDA:53,1,1,0
BRF:4
BRH:0
end_of_record
TN:
SF:src/styles/global.ts
FN:3,(anonymous_0)
FNF:1
FNH:1
FNDA:18,(anonymous_0)
DA:3,4
DA:4,18
LF:2
LH:2
BRF:0
BRH:0
end_of_record
TN:
SF:src/types/products.ts
FNF:0
FNH:0
LF:0
LH:0
BRF:0
BRH:0
end_of_record
